[5/6/2026, 09:50:31] - ERROR INTERNO:
variableInexistente is not defined
Stack: ReferenceError: variableInexistente is not defined
    at file:///C:/Users/devandroid/DAI_TP08PG/index.js:22:27
    at Layer.handleRequest (C:\Users\devandroid\DAI_TP08PG\node_modules\router\lib\layer.js:152:17)
    at next (C:\Users\devandroid\DAI_TP08PG\node_modules\router\lib\route.js:157:13)
    at Route.dispatch (C:\Users\devandroid\DAI_TP08PG\node_modules\router\lib\route.js:117:3)
    at handle (C:\Users\devandroid\DAI_TP08PG\node_modules\router\index.js:435:11)
    at Layer.handleRequest (C:\Users\devandroid\DAI_TP08PG\node_modules\router\lib\layer.js:152:17)
    at C:\Users\devandroid\DAI_TP08PG\node_modules\router\index.js:295:15
    at processParams (C:\Users\devandroid\DAI_TP08PG\node_modules\router\index.js:582:12)
    at next (C:\Users\devandroid\DAI_TP08PG\node_modules\router\index.js:291:5)
    at read (C:\Users\devandroid\DAI_TP08PG\node_modules\body-parser\lib\read.js:53:5)
--------------------------------------------------
[5/6/2026, 09:50:31] - ERROR INTERNO:
variableInexistente is not defined
Stack: ReferenceError: variableInexistente is not defined
    at file:///C:/Users/devandroid/DAI_TP08PG/index.js:22:27
    at Layer.handleRequest (C:\Users\devandroid\DAI_TP08PG\node_modules\router\lib\layer.js:152:17)
    at next (C:\Users\devandroid\DAI_TP08PG\node_modules\router\lib\route.js:157:13)
    at Route.dispatch (C:\Users\devandroid\DAI_TP08PG\node_modules\router\lib\route.js:117:3)
    at handle (C:\Users\devandroid\DAI_TP08PG\node_modules\router\index.js:435:11)
    at Layer.handleRequest (C:\Users\devandroid\DAI_TP08PG\node_modules\router\lib\layer.js:152:17)
    at C:\Users\devandroid\DAI_TP08PG\node_modules\router\index.js:295:15
    at processParams (C:\Users\devandroid\DAI_TP08PG\node_modules\router\index.js:582:12)
    at next (C:\Users\devandroid\DAI_TP08PG\node_modules\router\index.js:291:5)
    at read (C:\Users\devandroid\DAI_TP08PG\node_modules\body-parser\lib\read.js:53:5)
--------------------------------------------------
[5/6/2026, 09:50:32] - ERROR INTERNO:
variableInexistente is not defined
Stack: ReferenceError: variableInexistente is not defined
    at file:///C:/Users/devandroid/DAI_TP08PG/index.js:22:27
    at Layer.handleRequest (C:\Users\devandroid\DAI_TP08PG\node_modules\router\lib\layer.js:152:17)
    at next (C:\Users\devandroid\DAI_TP08PG\node_modules\router\lib\route.js:157:13)
    at Route.dispatch (C:\Users\devandroid\DAI_TP08PG\node_modules\router\lib\route.js:117:3)
    at handle (C:\Users\devandroid\DAI_TP08PG\node_modules\router\index.js:435:11)
    at Layer.handleRequest (C:\Users\devandroid\DAI_TP08PG\node_modules\router\lib\layer.js:152:17)
    at C:\Users\devandroid\DAI_TP08PG\node_modules\router\index.js:295:15
    at processParams (C:\Users\devandroid\DAI_TP08PG\node_modules\router\index.js:582:12)
    at next (C:\Users\devandroid\DAI_TP08PG\node_modules\router\index.js:291:5)
    at read (C:\Users\devandroid\DAI_TP08PG\node_modules\body-parser\lib\read.js:53:5)
--------------------------------------------------
[5/6/2026, 09:50:32] - ERROR INTERNO:
variableInexistente is not defined
Stack: ReferenceError: variableInexistente is not defined
    at file:///C:/Users/devandroid/DAI_TP08PG/index.js:22:27
    at Layer.handleRequest (C:\Users\devandroid\DAI_TP08PG\node_modules\router\lib\layer.js:152:17)
    at next (C:\Users\devandroid\DAI_TP08PG\node_modules\router\lib\route.js:157:13)
    at Route.dispatch (C:\Users\devandroid\DAI_TP08PG\node_modules\router\lib\route.js:117:3)
    at handle (C:\Users\devandroid\DAI_TP08PG\node_modules\router\index.js:435:11)
    at Layer.handleRequest (C:\Users\devandroid\DAI_TP08PG\node_modules\router\lib\layer.js:152:17)
    at C:\Users\devandroid\DAI_TP08PG\node_modules\router\index.js:295:15
    at processParams (C:\Users\devandroid\DAI_TP08PG\node_modules\router\index.js:582:12)
    at next (C:\Users\devandroid\DAI_TP08PG\node_modules\router\index.js:291:5)
    at read (C:\Users\devandroid\DAI_TP08PG\node_modules\body-parser\lib\read.js:53:5)
--------------------------------------------------
[5/6/2026, 09:50:32] - ERROR INTERNO:
variableInexistente is not defined
Stack: ReferenceError: variableInexistente is not defined
    at file:///C:/Users/devandroid/DAI_TP08PG/index.js:22:27
    at Layer.handleRequest (C:\Users\devandroid\DAI_TP08PG\node_modules\router\lib\layer.js:152:17)
    at next (C:\Users\devandroid\DAI_TP08PG\node_modules\router\lib\route.js:157:13)
    at Route.dispatch (C:\Users\devandroid\DAI_TP08PG\node_modules\router\lib\route.js:117:3)
    at handle (C:\Users\devandroid\DAI_TP08PG\node_modules\router\index.js:435:11)
    at Layer.handleRequest (C:\Users\devandroid\DAI_TP08PG\node_modules\router\lib\layer.js:152:17)
    at C:\Users\devandroid\DAI_TP08PG\node_modules\router\index.js:295:15
    at processParams (C:\Users\devandroid\DAI_TP08PG\node_modules\router\index.js:582:12)
    at next (C:\Users\devandroid\DAI_TP08PG\node_modules\router\index.js:291:5)
    at read (C:\Users\devandroid\DAI_TP08PG\node_modules\body-parser\lib\read.js:53:5)
--------------------------------------------------
